<?xml version="1.0" encoding="UTF-8"?>
<testsuite xmlns:xsi="http://www.w3.org/2001/XMLSchema-instance" xsi:noNamespaceSchemaLocation="https://maven.apache.org/surefire/maven-surefire-plugin/xsd/surefire-test-report-3.0.xsd" version="3.0" name="TestSuite" time="331.491" tests="11" errors="0" skipped="0" failures="6">
  <properties>
[...]
</properties>
  <testcase name="isEnabledPrivatePolicyTest" classname="FooterTest" time="0.164">
    <system-out><![CDATA[[INFO ] 2024-03-29 14:26:34 WebDriverManager:1239 :resolveDriverVersion - message:Using chromedriver 123.0.6312.86 (resolved driver for Chrome 123)
[INFO ] 2024-03-29 14:26:34 WebDriverManager:1239 :resolveDriverVersion - message:Using chromedriver 123.0.6312.86 (resolved driver for Chrome 123)
[INFO ] 2024-03-29 14:26:34 WebDriverManager:1301 :exportDriver - message:Exporting webdriver.chrome.driver as C:\Users\Aguka\.cache\selenium\chromedriver\win64\123.0.6312.86\chromedriver.exe
[INFO ] 2024-03-29 14:26:34 WebDriverManager:1301 :exportDriver - message:Exporting webdriver.chrome.driver as C:\Users\Aguka\.cache\selenium\chromedriver\win64\123.0.6312.86\chromedriver.exe
[INFO ] 2024-03-29 14:26:42 HomePage:54 :getAllPageUrls - message:Get all urls from home page
[INFO ] 2024-03-29 14:26:43 FooterPage:34 :isEnabledPrivatePolicy - message:Checking element privacy policy is displayed
]]></system-out>
    <system-err><![CDATA[Mar 29, 2024 2:26:34 PM org.openqa.selenium.remote.service.DriverService$Builder getLogOutput
INFO: Driver logs no longer sent to console by default; https://www.selenium.dev/documentation/webdriver/drivers/service/#setting-log-output
Mar 29, 2024 2:26:34 PM org.openqa.selenium.remote.service.DriverService$Builder getLogOutput
INFO: Driver logs no longer sent to console by default; https://www.selenium.dev/documentation/webdriver/drivers/service/#setting-log-output
Mar 29, 2024 2:26:38 PM org.openqa.selenium.devtools.CdpVersionFinder findNearestMatch
WARNING: Unable to find CDP implementation matching 123
Mar 29, 2024 2:26:38 PM org.openqa.selenium.devtools.CdpVersionFinder findNearestMatch
WARNING: Unable to find CDP implementation matching 123
Mar 29, 2024 2:26:38 PM org.openqa.selenium.chromium.ChromiumDriver lambda$new$4
WARNING: Unable to find version of CDP to use for . You may need to include a dependency on a specific version of the CDP using something similar to `org.seleniumhq.selenium:selenium-devtools-v86:4.10.0` where the version ("v86") matches the version of the chromium-based browser you're using and the version number of the artifact is the same as Selenium's.
Mar 29, 2024 2:26:38 PM org.openqa.selenium.chromium.ChromiumDriver lambda$new$4
WARNING: Unable to find version of CDP to use for . You may need to include a dependency on a specific version of the CDP using something similar to `org.seleniumhq.selenium:selenium-devtools-v86:4.10.0` where the version ("v86") matches the version of the chromium-based browser you're using and the version number of the artifact is the same as Selenium's.
]]></system-err>
  </testcase>
  <testcase name="isEnabledSiteMapTest" classname="FooterTest" time="0.106">
    <failure message="Site map link is not found" type="org.openqa.selenium.NoSuchElementException"><![CDATA[org.openqa.selenium.NoSuchElementException: Site map link is not found
	at pages.FooterPage.isEnabledSiteMap(FooterPage.java:55)
	at FooterTest.isEnabledSiteMapTest(FooterTest.java:35)
	at java.base/jdk.internal.reflect.NativeMethodAccessorImpl.invoke0(Native Method)
	at java.base/jdk.internal.reflect.NativeMethodAccessorImpl.invoke(NativeMethodAccessorImpl.java:77)
	at java.base/jdk.internal.reflect.DelegatingMethodAccessorImpl.invoke(DelegatingMethodAccessorImpl.java:43)
	at java.base/java.lang.reflect.Method.invoke(Method.java:568)
	at org.testng.internal.invokers.MethodInvocationHelper.invokeMethod(MethodInvocationHelper.java:139)
	at org.testng.internal.invokers.TestInvoker.invokeMethod(TestInvoker.java:677)
	at org.testng.internal.invokers.TestInvoker.invokeTestMethod(TestInvoker.java:221)
	at org.testng.internal.invokers.MethodRunner.runInSequence(MethodRunner.java:50)
	at org.testng.internal.invokers.TestInvoker$MethodInvocationAgent.invoke(TestInvoker.java:969)
	at org.testng.internal.invokers.TestInvoker.invokeTestMethods(TestInvoker.java:194)
	at org.testng.internal.invokers.TestMethodWorker.invokeTestMethods(TestMethodWorker.java:148)
	at org.testng.internal.invokers.TestMethodWorker.run(TestMethodWorker.java:128)
	at java.base/java.util.concurrent.ThreadPoolExecutor.runWorker(ThreadPoolExecutor.java:1136)
	at java.base/java.util.concurrent.ThreadPoolExecutor$Worker.run(ThreadPoolExecutor.java:635)
	at java.base/java.lang.Thread.run(Thread.java:833)
Caused by: org.openqa.selenium.NoSuchElementException: no such element: Unable to locate element: {"method":"xpath","selector":"//a[contains(@href,'sitemap') or contains(text(),'Сайтмап') or contains(text(),'Sitemap')]"}
  (Session info: chrome=123.0.6312.59)
For documentation on this error, please visit: https://www.selenium.dev/documentation/webdriver/troubleshooting/errors#no-such-element-exception
Build info: version: '4.10.0', revision: 'c14d967899'
System info: os.name: 'Windows 11', os.arch: 'amd64', os.version: '10.0', java.version: '17.0.7'
Driver info: org.openqa.selenium.chrome.ChromeDriver
Command: [5a1f38b50b548e26be0955b12ab9eecd, findElement {using=xpath, value=//a[contains(@href,'sitemap') or contains(text(),'Сайтмап') or contains(text(),'Sitemap')]}]
Capabilities {acceptInsecureCerts: false, browserName: chrome, browserVersion: 123.0.6312.59, chrome: {chromedriverVersion: 123.0.6312.86 (9b72c47a0536..., userDataDir: C:\Users\Aguka\AppData\Loca...}, fedcm:accounts: true, goog:chromeOptions: {debuggerAddress: localhost:49436}, networkConnectionEnabled: false, pageLoadStrategy: normal, platformName: windows, proxy: Proxy(), se:cdp: ws://localhost:49436/devtoo..., se:cdpVersion: 123.0.6312.59, setWindowRect: true, strictFileInteractability: false, timeouts: {implicit: 0, pageLoad: 300000, script: 30000}, unhandledPromptBehavior: dismiss and notify, webauthn:extension:credBlob: true, webauthn:extension:largeBlob: true, webauthn:extension:minPinLength: true, webauthn:extension:prf: true, webauthn:virtualAuthenticators: true}
Session ID: 5a1f38b50b548e26be0955b12ab9eecd
	at java.base/jdk.internal.reflect.NativeConstructorAccessorImpl.newInstance0(Native Method)
	at java.base/jdk.internal.reflect.NativeConstructorAccessorImpl.newInstance(NativeConstructorAccessorImpl.java:77)
	at java.base/jdk.internal.reflect.DelegatingConstructorAccessorImpl.newInstance(DelegatingConstructorAccessorImpl.java:45)
	at java.base/java.lang.reflect.Constructor.newInstanceWithCaller(Constructor.java:499)
	at java.base/java.lang.reflect.Constructor.newInstance(Constructor.java:480)
	at org.openqa.selenium.remote.codec.w3c.W3CHttpResponseCodec.createException(W3CHttpResponseCodec.java:199)
	at org.openqa.selenium.remote.codec.w3c.W3CHttpResponseCodec.decode(W3CHttpResponseCodec.java:132)
	at org.openqa.selenium.remote.codec.w3c.W3CHttpResponseCodec.decode(W3CHttpResponseCodec.java:51)
	at org.openqa.selenium.remote.HttpCommandExecutor.execute(HttpCommandExecutor.java:191)
	at org.openqa.selenium.remote.service.DriverCommandExecutor.invokeExecute(DriverCommandExecutor.java:196)
	at org.openqa.selenium.remote.service.DriverCommandExecutor.execute(DriverCommandExecutor.java:171)
	at org.openqa.selenium.remote.RemoteWebDriver.execute(RemoteWebDriver.java:531)
	at org.openqa.selenium.remote.ElementLocation$ElementFinder$2.findElement(ElementLocation.java:165)
	at org.openqa.selenium.remote.ElementLocation.findElement(ElementLocation.java:59)
	at org.openqa.selenium.remote.RemoteWebDriver.findElement(RemoteWebDriver.java:350)
	at org.openqa.selenium.remote.RemoteWebDriver.findElement(RemoteWebDriver.java:344)
	at org.openqa.selenium.support.pagefactory.DefaultElementLocator.findElement(DefaultElementLocator.java:68)
	at org.openqa.selenium.support.pagefactory.internal.LocatingElementHandler.invoke(LocatingElementHandler.java:38)
	at jdk.proxy2/jdk.proxy2.$Proxy21.isDisplayed(Unknown Source)
	at pages.FooterPage.isEnabledSiteMap(FooterPage.java:53)
	... 16 more
]]></failure>
    <system-out><![CDATA[[INFO ] 2024-03-29 14:26:43 WebDriverManager:1239 :resolveDriverVersion - message:Using chromedriver 123.0.6312.86 (resolved driver for Chrome 123)
[INFO ] 2024-03-29 14:26:43 WebDriverManager:1301 :exportDriver - message:Exporting webdriver.chrome.driver as C:\Users\Aguka\.cache\selenium\chromedriver\win64\123.0.6312.86\chromedriver.exe
[INFO ] 2024-03-29 14:26:47 FooterPage:52 :isEnabledSiteMap - message:Checking element site map is displayed
]]></system-out>
    <system-err><![CDATA[Mar 29, 2024 2:26:43 PM org.openqa.selenium.remote.service.DriverService$Builder getLogOutput
INFO: Driver logs no longer sent to console by default; https://www.selenium.dev/documentation/webdriver/drivers/service/#setting-log-output
Mar 29, 2024 2:26:44 PM org.openqa.selenium.devtools.CdpVersionFinder findNearestMatch
WARNING: Unable to find CDP implementation matching 123
Mar 29, 2024 2:26:44 PM org.openqa.selenium.chromium.ChromiumDriver lambda$new$4
WARNING: Unable to find version of CDP to use for . You may need to include a dependency on a specific version of the CDP using something similar to `org.seleniumhq.selenium:selenium-devtools-v86:4.10.0` where the version ("v86") matches the version of the chromium-based browser you're using and the version number of the artifact is the same as Selenium's.
]]></system-err>
  </testcase>
  <testcase name="isEnabledTermsAndConditionsTest" classname="FooterTest" time="0.04">
    <failure message="Terms and conditions link is not found" type="org.openqa.selenium.NoSuchElementException"><![CDATA[org.openqa.selenium.NoSuchElementException: Terms and conditions link is not found
	at pages.FooterPage.isEnabledTermsAndConditions(FooterPage.java:46)
	at FooterTest.isEnabledTermsAndConditionsTest(FooterTest.java:26)
	at java.base/jdk.internal.reflect.NativeMethodAccessorImpl.invoke0(Native Method)
	at java.base/jdk.internal.reflect.NativeMethodAccessorImpl.invoke(NativeMethodAccessorImpl.java:77)
	at java.base/jdk.internal.reflect.DelegatingMethodAccessorImpl.invoke(DelegatingMethodAccessorImpl.java:43)
	at java.base/java.lang.reflect.Method.invoke(Method.java:568)
	at org.testng.internal.invokers.MethodInvocationHelper.invokeMethod(MethodInvocationHelper.java:139)
	at org.testng.internal.invokers.TestInvoker.invokeMethod(TestInvoker.java:677)
	at org.testng.internal.invokers.TestInvoker.invokeTestMethod(TestInvoker.java:221)
	at org.testng.internal.invokers.MethodRunner.runInSequence(MethodRunner.java:50)
	at org.testng.internal.invokers.TestInvoker$MethodInvocationAgent.invoke(TestInvoker.java:969)
	at org.testng.internal.invokers.TestInvoker.invokeTestMethods(TestInvoker.java:194)
	at org.testng.internal.invokers.TestMethodWorker.invokeTestMethods(TestMethodWorker.java:148)
	at org.testng.internal.invokers.TestMethodWorker.run(TestMethodWorker.java:128)
	at java.base/java.util.concurrent.ThreadPoolExecutor.runWorker(ThreadPoolExecutor.java:1136)
	at java.base/java.util.concurrent.ThreadPoolExecutor$Worker.run(ThreadPoolExecutor.java:635)
	at java.base/java.lang.Thread.run(Thread.java:833)
Caused by: org.openqa.selenium.NoSuchElementException: no such element: Unable to locate element: {"method":"xpath","selector":"//a[contains(@href,'terms-of-service') or contains(text(),'Умови користування веб-сайтом') or contains(text(),'Terms of Service')]"}
  (Session info: chrome=123.0.6312.59)
For documentation on this error, please visit: https://www.selenium.dev/documentation/webdriver/troubleshooting/errors#no-such-element-exception
Build info: version: '4.10.0', revision: 'c14d967899'
System info: os.name: 'Windows 11', os.arch: 'amd64', os.version: '10.0', java.version: '17.0.7'
Driver info: org.openqa.selenium.chrome.ChromeDriver
Command: [d450bffb90db36bd890e813feab38b95, findElement {using=xpath, value=//a[contains(@href,'terms-of-service') or contains(text(),'Умови користування веб-сайтом') or contains(text(),'Terms of Service')]}]
Capabilities {acceptInsecureCerts: false, browserName: chrome, browserVersion: 123.0.6312.59, chrome: {chromedriverVersion: 123.0.6312.86 (9b72c47a0536..., userDataDir: C:\Users\Aguka\AppData\Loca...}, fedcm:accounts: true, goog:chromeOptions: {debuggerAddress: localhost:49464}, networkConnectionEnabled: false, pageLoadStrategy: normal, platformName: windows, proxy: Proxy(), se:cdp: ws://localhost:49464/devtoo..., se:cdpVersion: 123.0.6312.59, setWindowRect: true, strictFileInteractability: false, timeouts: {implicit: 0, pageLoad: 300000, script: 30000}, unhandledPromptBehavior: dismiss and notify, webauthn:extension:credBlob: true, webauthn:extension:largeBlob: true, webauthn:extension:minPinLength: true, webauthn:extension:prf: true, webauthn:virtualAuthenticators: true}
Session ID: d450bffb90db36bd890e813feab38b95
	at java.base/jdk.internal.reflect.NativeConstructorAccessorImpl.newInstance0(Native Method)
	at java.base/jdk.internal.reflect.NativeConstructorAccessorImpl.newInstance(NativeConstructorAccessorImpl.java:77)
	at java.base/jdk.internal.reflect.DelegatingConstructorAccessorImpl.newInstance(DelegatingConstructorAccessorImpl.java:45)
	at java.base/java.lang.reflect.Constructor.newInstanceWithCaller(Constructor.java:499)
	at java.base/java.lang.reflect.Constructor.newInstance(Constructor.java:480)
	at org.openqa.selenium.remote.codec.w3c.W3CHttpResponseCodec.createException(W3CHttpResponseCodec.java:199)
	at org.openqa.selenium.remote.codec.w3c.W3CHttpResponseCodec.decode(W3CHttpResponseCodec.java:132)
	at org.openqa.selenium.remote.codec.w3c.W3CHttpResponseCodec.decode(W3CHttpResponseCodec.java:51)
	at org.openqa.selenium.remote.HttpCommandExecutor.execute(HttpCommandExecutor.java:191)
	at org.openqa.selenium.remote.service.DriverCommandExecutor.invokeExecute(DriverCommandExecutor.java:196)
	at org.openqa.selenium.remote.service.DriverCommandExecutor.execute(DriverCommandExecutor.java:171)
	at org.openqa.selenium.remote.RemoteWebDriver.execute(RemoteWebDriver.java:531)
	at org.openqa.selenium.remote.ElementLocation$ElementFinder$2.findElement(ElementLocation.java:165)
	at org.openqa.selenium.remote.ElementLocation.findElement(ElementLocation.java:59)
	at org.openqa.selenium.remote.RemoteWebDriver.findElement(RemoteWebDriver.java:350)
	at org.openqa.selenium.remote.RemoteWebDriver.findElement(RemoteWebDriver.java:344)
	at org.openqa.selenium.support.pagefactory.DefaultElementLocator.findElement(DefaultElementLocator.java:68)
	at org.openqa.selenium.support.pagefactory.internal.LocatingElementHandler.invoke(LocatingElementHandler.java:38)
	at jdk.proxy2/jdk.proxy2.$Proxy21.isDisplayed(Unknown Source)
	at pages.FooterPage.isEnabledTermsAndConditions(FooterPage.java:44)
	... 16 more
]]></failure>
    <system-out><![CDATA[[INFO ] 2024-03-29 14:26:47 WebDriverManager:1239 :resolveDriverVersion - message:Using chromedriver 123.0.6312.86 (resolved driver for Chrome 123)
[INFO ] 2024-03-29 14:26:47 WebDriverManager:1301 :exportDriver - message:Exporting webdriver.chrome.driver as C:\Users\Aguka\.cache\selenium\chromedriver\win64\123.0.6312.86\chromedriver.exe
[INFO ] 2024-03-29 14:26:48 HomePage:69 :getCountH1inThePage - message:Count element H1 on the page
[INFO ] 2024-03-29 14:26:51 FooterPage:43 :isEnabledTermsAndConditions - message:Checking element terms and conditions is displayed
]]></system-out>
    <system-err><![CDATA[Mar 29, 2024 2:26:47 PM org.openqa.selenium.remote.service.DriverService$Builder getLogOutput
INFO: Driver logs no longer sent to console by default; https://www.selenium.dev/documentation/webdriver/drivers/service/#setting-log-output
Mar 29, 2024 2:26:48 PM org.openqa.selenium.devtools.CdpVersionFinder findNearestMatch
WARNING: Unable to find CDP implementation matching 123
Mar 29, 2024 2:26:48 PM org.openqa.selenium.chromium.ChromiumDriver lambda$new$4
WARNING: Unable to find version of CDP to use for . You may need to include a dependency on a specific version of the CDP using something similar to `org.seleniumhq.selenium:selenium-devtools-v86:4.10.0` where the version ("v86") matches the version of the chromium-based browser you're using and the version number of the artifact is the same as Selenium's.
]]></system-err>
  </testcase>
  <testcase name="isPresentSearchInputOnHomePageTest" classname="FooterTest" time="0.064">
    <system-out><![CDATA[[INFO ] 2024-03-29 14:26:51 WebDriverManager:1239 :resolveDriverVersion - message:Using chromedriver 123.0.6312.86 (resolved driver for Chrome 123)
[INFO ] 2024-03-29 14:26:51 WebDriverManager:1301 :exportDriver - message:Exporting webdriver.chrome.driver as C:\Users\Aguka\.cache\selenium\chromedriver\win64\123.0.6312.86\chromedriver.exe
[INFO ] 2024-03-29 14:26:52 HomePage:69 :getCountH1inThePage - message:Count element H1 on the page
[INFO ] 2024-03-29 14:26:58 HomePage:69 :getCountH1inThePage - message:Count element H1 on the page
[INFO ] 2024-03-29 14:26:59 HomePage:75 :isEnabledInputSearchOnHomePage - message:Checking the input field is enabled on the home page
]]></system-out>
    <system-err><![CDATA[Mar 29, 2024 2:26:51 PM org.openqa.selenium.remote.service.DriverService$Builder getLogOutput
INFO: Driver logs no longer sent to console by default; https://www.selenium.dev/documentation/webdriver/drivers/service/#setting-log-output
Mar 29, 2024 2:26:51 PM org.openqa.selenium.devtools.CdpVersionFinder findNearestMatch
WARNING: Unable to find CDP implementation matching 123
Mar 29, 2024 2:26:51 PM org.openqa.selenium.chromium.ChromiumDriver lambda$new$4
WARNING: Unable to find version of CDP to use for . You may need to include a dependency on a specific version of the CDP using something similar to `org.seleniumhq.selenium:selenium-devtools-v86:4.10.0` where the version ("v86") matches the version of the chromium-based browser you're using and the version number of the artifact is the same as Selenium's.
]]></system-err>
  </testcase>
  <testcase name="checkH1ShouldBeOneTest" classname="FirstTest" time="130.596">
    <failure message="The following asserts failed:&#10;	Кількість тегів &lt;h1&gt; на сторінці https://piddubnyi.devocean.pro/#popup-menu не дорівнює одному expected [1] but found [2],&#10;	Кількість тегів &lt;h1&gt; на сторінці https://piddubnyi.devocean.pro не дорівнює одному expected [1] but found [2],&#10;	Кількість тегів &lt;h1&gt; на сторінці https://piddubnyi.devocean.pro/#page-main не дорівнює одному expected [1] but found [2],&#10;	Кількість тегів &lt;h1&gt; на сторінці https://piddubnyi.devocean.pro/#popup-mini-cart не дорівнює одному expected [1] but found [2],&#10;	Кількість тегів &lt;h1&gt; на сторінці https://piddubnyi.devocean.pro/# не дорівнює одному expected [1] but found [2],&#10;	Кількість тегів &lt;h1&gt; на сторінці https://piddubnyi.devocean.pro/blog не дорівнює одному expected [1] but found [0]" type="java.lang.AssertionError"><![CDATA[java.lang.AssertionError: 
The following asserts failed:
	Кількість тегів <h1> на сторінці https://piddubnyi.devocean.pro/#popup-menu не дорівнює одному expected [1] but found [2],
	Кількість тегів <h1> на сторінці https://piddubnyi.devocean.pro не дорівнює одному expected [1] but found [2],
	Кількість тегів <h1> на сторінці https://piddubnyi.devocean.pro/#page-main не дорівнює одному expected [1] but found [2],
	Кількість тегів <h1> на сторінці https://piddubnyi.devocean.pro/#popup-mini-cart не дорівнює одному expected [1] but found [2],
	Кількість тегів <h1> на сторінці https://piddubnyi.devocean.pro/# не дорівнює одному expected [1] but found [2],
	Кількість тегів <h1> на сторінці https://piddubnyi.devocean.pro/blog не дорівнює одному expected [1] but found [0]
	at org.testng.asserts.SoftAssert.assertAll(SoftAssert.java:46)
	at org.testng.asserts.SoftAssert.assertAll(SoftAssert.java:30)
	at FirstTest.checkH1ShouldBeOneTest(FirstTest.java:37)
	at java.base/jdk.internal.reflect.NativeMethodAccessorImpl.invoke0(Native Method)
	at java.base/jdk.internal.reflect.NativeMethodAccessorImpl.invoke(NativeMethodAccessorImpl.java:77)
	at java.base/jdk.internal.reflect.DelegatingMethodAccessorImpl.invoke(DelegatingMethodAccessorImpl.java:43)
	at java.base/java.lang.reflect.Method.invoke(Method.java:568)
	at org.testng.internal.invokers.MethodInvocationHelper.invokeMethod(MethodInvocationHelper.java:139)
	at org.testng.internal.invokers.TestInvoker.invokeMethod(TestInvoker.java:677)
	at org.testng.internal.invokers.TestInvoker.invokeTestMethod(TestInvoker.java:221)
	at org.testng.internal.invokers.MethodRunner.runInSequence(MethodRunner.java:50)
	at org.testng.internal.invokers.TestInvoker$MethodInvocationAgent.invoke(TestInvoker.java:969)
	at org.testng.internal.invokers.TestInvoker.invokeTestMethods(TestInvoker.java:194)
	at org.testng.internal.invokers.TestMethodWorker.invokeTestMethods(TestMethodWorker.java:148)
	at org.testng.internal.invokers.TestMethodWorker.run(TestMethodWorker.java:128)
	at java.base/java.util.concurrent.ThreadPoolExecutor.runWorker(ThreadPoolExecutor.java:1136)
	at java.base/java.util.concurrent.ThreadPoolExecutor$Worker.run(ThreadPoolExecutor.java:635)
	at java.base/java.lang.Thread.run(Thread.java:833)
]]></failure>
    <system-out><![CDATA[[INFO ] 2024-03-29 14:27:01 HomePage:69 :getCountH1inThePage - message:Count element H1 on the page
[INFO ] 2024-03-29 14:27:04 HomePage:69 :getCountH1inThePage - message:Count element H1 on the page
[INFO ] 2024-03-29 14:27:07 HomePage:69 :getCountH1inThePage - message:Count element H1 on the page
[INFO ] 2024-03-29 14:27:10 HomePage:69 :getCountH1inThePage - message:Count element H1 on the page
[INFO ] 2024-03-29 14:27:12 HomePage:69 :getCountH1inThePage - message:Count element H1 on the page
[INFO ] 2024-03-29 14:27:15 HomePage:69 :getCountH1inThePage - message:Count element H1 on the page
[INFO ] 2024-03-29 14:27:18 HomePage:69 :getCountH1inThePage - message:Count element H1 on the page
[INFO ] 2024-03-29 14:27:21 HomePage:69 :getCountH1inThePage - message:Count element H1 on the page
[INFO ] 2024-03-29 14:27:24 HomePage:69 :getCountH1inThePage - message:Count element H1 on the page
[INFO ] 2024-03-29 14:27:27 HomePage:69 :getCountH1inThePage - message:Count element H1 on the page
[INFO ] 2024-03-29 14:27:30 HomePage:69 :getCountH1inThePage - message:Count element H1 on the page
[INFO ] 2024-03-29 14:27:31 HomePage:69 :getCountH1inThePage - message:Count element H1 on the page
[INFO ] 2024-03-29 14:27:34 HomePage:69 :getCountH1inThePage - message:Count element H1 on the page
[INFO ] 2024-03-29 14:27:36 HomePage:69 :getCountH1inThePage - message:Count element H1 on the page
[INFO ] 2024-03-29 14:27:39 HomePage:69 :getCountH1inThePage - message:Count element H1 on the page
[INFO ] 2024-03-29 14:27:42 HomePage:69 :getCountH1inThePage - message:Count element H1 on the page
[INFO ] 2024-03-29 14:27:45 HomePage:69 :getCountH1inThePage - message:Count element H1 on the page
[INFO ] 2024-03-29 14:27:48 HomePage:69 :getCountH1inThePage - message:Count element H1 on the page
[INFO ] 2024-03-29 14:27:51 HomePage:69 :getCountH1inThePage - message:Count element H1 on the page
[INFO ] 2024-03-29 14:27:54 HomePage:69 :getCountH1inThePage - message:Count element H1 on the page
[INFO ] 2024-03-29 14:27:56 HomePage:69 :getCountH1inThePage - message:Count element H1 on the page
[INFO ] 2024-03-29 14:27:59 HomePage:69 :getCountH1inThePage - message:Count element H1 on the page
[INFO ] 2024-03-29 14:28:02 HomePage:69 :getCountH1inThePage - message:Count element H1 on the page
[INFO ] 2024-03-29 14:28:04 HomePage:69 :getCountH1inThePage - message:Count element H1 on the page
[INFO ] 2024-03-29 14:28:07 HomePage:69 :getCountH1inThePage - message:Count element H1 on the page
[INFO ] 2024-03-29 14:28:08 HomePage:69 :getCountH1inThePage - message:Count element H1 on the page
[INFO ] 2024-03-29 14:28:11 HomePage:69 :getCountH1inThePage - message:Count element H1 on the page
[INFO ] 2024-03-29 14:28:14 HomePage:69 :getCountH1inThePage - message:Count element H1 on the page
[INFO ] 2024-03-29 14:28:17 HomePage:69 :getCountH1inThePage - message:Count element H1 on the page
[INFO ] 2024-03-29 14:28:20 HomePage:69 :getCountH1inThePage - message:Count element H1 on the page
[INFO ] 2024-03-29 14:28:23 HomePage:69 :getCountH1inThePage - message:Count element H1 on the page
[INFO ] 2024-03-29 14:28:26 HomePage:69 :getCountH1inThePage - message:Count element H1 on the page
[INFO ] 2024-03-29 14:28:29 HomePage:69 :getCountH1inThePage - message:Count element H1 on the page
[INFO ] 2024-03-29 14:28:32 HomePage:69 :getCountH1inThePage - message:Count element H1 on the page
[INFO ] 2024-03-29 14:28:34 HomePage:69 :getCountH1inThePage - message:Count element H1 on the page
[INFO ] 2024-03-29 14:28:37 HomePage:69 :getCountH1inThePage - message:Count element H1 on the page
[INFO ] 2024-03-29 14:28:40 HomePage:69 :getCountH1inThePage - message:Count element H1 on the page
[INFO ] 2024-03-29 14:28:43 HomePage:69 :getCountH1inThePage - message:Count element H1 on the page
[INFO ] 2024-03-29 14:28:46 HomePage:69 :getCountH1inThePage - message:Count element H1 on the page
[INFO ] 2024-03-29 14:28:49 HomePage:69 :getCountH1inThePage - message:Count element H1 on the page
[INFO ] 2024-03-29 14:28:52 HomePage:69 :getCountH1inThePage - message:Count element H1 on the page
[INFO ] 2024-03-29 14:28:55 HomePage:69 :getCountH1inThePage - message:Count element H1 on the page
[INFO ] 2024-03-29 14:28:58 HomePage:69 :getCountH1inThePage - message:Count element H1 on the page
[INFO ] 2024-03-29 14:29:01 HomePage:69 :getCountH1inThePage - message:Count element H1 on the page
[INFO ] 2024-03-29 14:29:04 HomePage:69 :getCountH1inThePage - message:Count element H1 on the page
[INFO ] 2024-03-29 14:29:07 HomePage:69 :getCountH1inThePage - message:Count element H1 on the page
[INFO ] 2024-03-29 14:29:10 HomePage:69 :getCountH1inThePage - message:Count element H1 on the page
]]></system-out>
  </testcase>
  <testcase name="checkShouldNotHaveHorizontalScrollbar" classname="FirstTest" time="0.02">
    <system-out><![CDATA[[INFO ] 2024-03-29 14:29:10 WebDriverManager:1239 :resolveDriverVersion - message:Using chromedriver 123.0.6312.86 (resolved driver for Chrome 123)
[INFO ] 2024-03-29 14:29:10 WebDriverManager:1301 :exportDriver - message:Exporting webdriver.chrome.driver as C:\Users\Aguka\.cache\selenium\chromedriver\win64\123.0.6312.86\chromedriver.exe
]]></system-out>
    <system-err><![CDATA[Mar 29, 2024 2:29:10 PM org.openqa.selenium.remote.service.DriverService$Builder getLogOutput
INFO: Driver logs no longer sent to console by default; https://www.selenium.dev/documentation/webdriver/drivers/service/#setting-log-output
Mar 29, 2024 2:29:11 PM org.openqa.selenium.devtools.CdpVersionFinder findNearestMatch
WARNING: Unable to find CDP implementation matching 123
Mar 29, 2024 2:29:11 PM org.openqa.selenium.chromium.ChromiumDriver lambda$new$4
WARNING: Unable to find version of CDP to use for . You may need to include a dependency on a specific version of the CDP using something similar to `org.seleniumhq.selenium:selenium-devtools-v86:4.10.0` where the version ("v86") matches the version of the chromium-based browser you're using and the version number of the artifact is the same as Selenium's.
]]></system-err>
  </testcase>
  <testcase name="getAllUrl" classname="FirstTest" time="2.857">
    <system-out><![CDATA[[INFO ] 2024-03-29 14:29:13 WebDriverManager:1239 :resolveDriverVersion - message:Using chromedriver 123.0.6312.86 (resolved driver for Chrome 123)
[INFO ] 2024-03-29 14:29:13 WebDriverManager:1301 :exportDriver - message:Exporting webdriver.chrome.driver as C:\Users\Aguka\.cache\selenium\chromedriver\win64\123.0.6312.86\chromedriver.exe
[INFO ] 2024-03-29 14:29:16 HomePage:54 :getAllPageUrls - message:Get all urls from home page
[https://piddubnyi.devocean.pro/shop/sale/medik7-%d0%b0%d0%bd%d1%82%d0%b8%d0%b2%d1%96%d0%ba%d0%be%d0%b2%d0%b8%d0%b9-%d0%b7%d0%b2%d0%be%d0%bb%d0%be%d0%b6%d1%83%d0%b2%d0%b0%d0%bb%d1%8c%d0%bd%d0%b8%d0%b9-%d0%ba%d1%80%d0%b5%d0%bc-%d1%96%d0%b7-spf, https://piddubnyi.devocean.pro/product-category/body-category, https://piddubnyi.devocean.pro/#popup-menu, https://piddubnyi.devocean.pro/privacy-policy, https://piddubnyi.devocean.pro/brands, https://piddubnyi.devocean.pro/product-category/face-category/means-facial-exfoliation, https://piddubnyi.devocean.pro/product-category/top, https://piddubnyi.devocean.pro, https://piddubnyi.devocean.pro/product-category/hair-category/all-means-hair, https://piddubnyi.devocean.pro/offer, https://piddubnyi.devocean.pro/product-category/kits-category, https://piddubnyi.devocean.pro/contacts, https://piddubnyi.devocean.pro/our-services, https://piddubnyi.devocean.pro/product-category/hair-category/hair-masks, https://piddubnyi.devocean.pro/#page-main, https://piddubnyi.devocean.pro/about-us, https://piddubnyi.devocean.pro/#popup-mini-cart, https://piddubnyi.devocean.pro/product-category/sale, https://piddubnyi.devocean.pro/product-category/face-category/face-serums, https://piddubnyi.devocean.pro/shop/sale/medik8-%d0%be%d0%bc%d0%be%d0%bb%d0%be%d0%b4%d0%b6%d1%83%d0%b2%d0%b0%d0%bb%d1%8c%d0%bd%d0%b8%d0%b9-%d0%b2%d1%96%d0%b4%d0%bd%d0%be%d0%b2%d0%bb%d1%8e%d0%b2%d0%b0%d0%bb%d1%8c%d0%bd%d0%b8%d0%b9-%d0%ba-3, https://piddubnyi.devocean.pro/product-category/body-category/hydration, https://piddubnyi.devocean.pro/shop/sale/medik8-%d0%be%d0%bc%d0%be%d0%bb%d0%be%d0%b4%d0%b6%d1%83%d0%b2%d0%b0%d0%bb%d1%8c%d0%bd%d0%b8%d0%b9-%d0%b2%d1%96%d0%b4%d0%bd%d0%be%d0%b2%d0%bb%d1%8e%d0%b2%d0%b0%d0%bb%d1%8c%d0%bd%d0%b8%d0%b9-%d0%ba-4, https://piddubnyi.devocean.pro/product-category/body-category/all-means-body, https://piddubnyi.devocean.pro/shop/sale/medik8-%d0%be%d0%bc%d0%be%d0%bb%d0%be%d0%b4%d0%b6%d1%83%d0%b2%d0%b0%d0%bb%d1%8c%d0%bd%d0%b8%d0%b9-%d0%b2%d1%96%d0%b4%d0%bd%d0%be%d0%b2%d0%bb%d1%8e%d0%b2%d0%b0%d0%bb%d1%8c%d0%bd%d0%b8%d0%b9-%d0%ba-2, https://piddubnyi.devocean.pro/product-category/hair-category, https://piddubnyi.devocean.pro/faq, https://piddubnyi.devocean.pro/#, https://piddubnyi.devocean.pro/product-category/hair-category/leave-in-hair-products, https://piddubnyi.devocean.pro/shop/hair-category/conditioners/%d0%ba%d0%be%d0%bf%d1%96%d1%8fwhat-is-lorem-ipsum-2, https://piddubnyi.devocean.pro/product-category/body-category/cleaning, https://piddubnyi.devocean.pro/product-category/body-category/scrubs-and-peelings, https://piddubnyi.devocean.pro/my-account/edit-account, https://piddubnyi.devocean.pro/product-category/face-category/face-masks, https://piddubnyi.devocean.pro/shop/hair-category/conditioners/what-is-lorem-ipsum, https://piddubnyi.devocean.pro/product-category/hair-category/shampoos, https://piddubnyi.devocean.pro/product-category/face-category/face-creams, https://piddubnyi.devocean.pro/blog, https://piddubnyi.devocean.pro/cart, https://piddubnyi.devocean.pro/product-category/face-category/all-means, https://piddubnyi.devocean.pro/product-category/face-category/sun-protection, https://piddubnyi.devocean.pro/product-category/face-category/products-skin-around-eyes, https://piddubnyi.devocean.pro/my-account, https://piddubnyi.devocean.pro/site-rules, https://piddubnyi.devocean.pro/shop/sale/medik8-%d0%be%d0%bc%d0%be%d0%bb%d0%be%d0%b4%d0%b6%d1%83%d0%b2%d0%b0%d0%bb%d1%8c%d0%bd%d0%b8%d0%b9-%d0%b2%d1%96%d0%b4%d0%bd%d0%be%d0%b2%d0%bb%d1%8e%d0%b2%d0%b0%d0%bb%d1%8c%d0%bd%d0%b8%d0%b9-%d0%ba, https://piddubnyi.devocean.pro/wish-list, https://piddubnyi.devocean.pro/product-category/face-category, https://piddubnyi.devocean.pro/product-category/face-category/means-for-toning-face, https://piddubnyi.devocean.pro/delivery-and-payment, https://piddubnyi.devocean.pro/product-category/hair-category/conditioners, https://piddubnyi.devocean.pro/shop]
[INFO ] 2024-03-29 14:29:18 HomePage:54 :getAllPageUrls - message:Get all urls from home page
50
]]></system-out>
    <system-err><![CDATA[Mar 29, 2024 2:29:13 PM org.openqa.selenium.remote.service.DriverService$Builder getLogOutput
INFO: Driver logs no longer sent to console by default; https://www.selenium.dev/documentation/webdriver/drivers/service/#setting-log-output
Mar 29, 2024 2:29:14 PM org.openqa.selenium.devtools.CdpVersionFinder findNearestMatch
WARNING: Unable to find CDP implementation matching 123
Mar 29, 2024 2:29:14 PM org.openqa.selenium.chromium.ChromiumDriver lambda$new$4
WARNING: Unable to find version of CDP to use for . You may need to include a dependency on a specific version of the CDP using something similar to `org.seleniumhq.selenium:selenium-devtools-v86:4.10.0` where the version ("v86") matches the version of the chromium-based browser you're using and the version number of the artifact is the same as Selenium's.
]]></system-err>
  </testcase>
  <testcase name="isPresentContactUsPage" classname="FirstTest" time="2.752">
    <failure message="expected [vhvhj] but found [КОНТАКТИ]" type="java.lang.AssertionError"><![CDATA[java.lang.AssertionError: expected [vhvhj] but found [КОНТАКТИ]
	at org.testng.Assert.fail(Assert.java:110)
	at org.testng.Assert.failNotEquals(Assert.java:1577)
	at org.testng.Assert.assertEqualsImpl(Assert.java:149)
	at org.testng.Assert.assertEquals(Assert.java:131)
	at org.testng.Assert.assertEquals(Assert.java:655)
	at org.testng.Assert.assertEquals(Assert.java:665)
	at FirstTest.isPresentContactUsPage(FirstTest.java:69)
	at java.base/jdk.internal.reflect.NativeMethodAccessorImpl.invoke0(Native Method)
	at java.base/jdk.internal.reflect.NativeMethodAccessorImpl.invoke(NativeMethodAccessorImpl.java:77)
	at java.base/jdk.internal.reflect.DelegatingMethodAccessorImpl.invoke(DelegatingMethodAccessorImpl.java:43)
	at java.base/java.lang.reflect.Method.invoke(Method.java:568)
	at org.testng.internal.invokers.MethodInvocationHelper.invokeMethod(MethodInvocationHelper.java:139)
	at org.testng.internal.invokers.TestInvoker.invokeMethod(TestInvoker.java:677)
	at org.testng.internal.invokers.TestInvoker.invokeTestMethod(TestInvoker.java:221)
	at org.testng.internal.invokers.MethodRunner.runInSequence(MethodRunner.java:50)
	at org.testng.internal.invokers.TestInvoker$MethodInvocationAgent.invoke(TestInvoker.java:969)
	at org.testng.internal.invokers.TestInvoker.invokeTestMethods(TestInvoker.java:194)
	at org.testng.internal.invokers.TestMethodWorker.invokeTestMethods(TestMethodWorker.java:148)
	at org.testng.internal.invokers.TestMethodWorker.run(TestMethodWorker.java:128)
	at java.base/java.util.concurrent.ThreadPoolExecutor.runWorker(ThreadPoolExecutor.java:1136)
	at java.base/java.util.concurrent.ThreadPoolExecutor$Worker.run(ThreadPoolExecutor.java:635)
	at java.base/java.lang.Thread.run(Thread.java:833)
]]></failure>
    <system-out><![CDATA[[INFO ] 2024-03-29 14:29:19 WebDriverManager:1239 :resolveDriverVersion - message:Using chromedriver 123.0.6312.86 (resolved driver for Chrome 123)
[INFO ] 2024-03-29 14:29:19 WebDriverManager:1301 :exportDriver - message:Exporting webdriver.chrome.driver as C:\Users\Aguka\.cache\selenium\chromedriver\win64\123.0.6312.86\chromedriver.exe
]]></system-out>
    <system-err><![CDATA[Mar 29, 2024 2:29:19 PM org.openqa.selenium.remote.service.DriverService$Builder getLogOutput
INFO: Driver logs no longer sent to console by default; https://www.selenium.dev/documentation/webdriver/drivers/service/#setting-log-output
Mar 29, 2024 2:29:20 PM org.openqa.selenium.devtools.CdpVersionFinder findNearestMatch
WARNING: Unable to find CDP implementation matching 123
Mar 29, 2024 2:29:20 PM org.openqa.selenium.chromium.ChromiumDriver lambda$new$4
WARNING: Unable to find version of CDP to use for . You may need to include a dependency on a specific version of the CDP using something similar to `org.seleniumhq.selenium:selenium-devtools-v86:4.10.0` where the version ("v86") matches the version of the chromium-based browser you're using and the version number of the artifact is the same as Selenium's.
]]></system-err>
  </testcase>
  <testcase name="isPresentLorenIpsonTest" classname="FirstTest" time="144.345">
    <failure message="expected [false] but found [true]" type="java.lang.AssertionError"><![CDATA[java.lang.AssertionError: expected [false] but found [true]
	at org.testng.Assert.fail(Assert.java:110)
	at org.testng.Assert.failNotEquals(Assert.java:1577)
	at org.testng.Assert.assertFalse(Assert.java:78)
	at org.testng.Assert.assertFalse(Assert.java:88)
	at FirstTest.isPresentLorenIpsonTest(FirstTest.java:60)
	at java.base/jdk.internal.reflect.NativeMethodAccessorImpl.invoke0(Native Method)
	at java.base/jdk.internal.reflect.NativeMethodAccessorImpl.invoke(NativeMethodAccessorImpl.java:77)
	at java.base/jdk.internal.reflect.DelegatingMethodAccessorImpl.invoke(DelegatingMethodAccessorImpl.java:43)
	at java.base/java.lang.reflect.Method.invoke(Method.java:568)
	at org.testng.internal.invokers.MethodInvocationHelper.invokeMethod(MethodInvocationHelper.java:139)
	at org.testng.internal.invokers.TestInvoker.invokeMethod(TestInvoker.java:677)
	at org.testng.internal.invokers.TestInvoker.invokeTestMethod(TestInvoker.java:221)
	at org.testng.internal.invokers.MethodRunner.runInSequence(MethodRunner.java:50)
	at org.testng.internal.invokers.TestInvoker$MethodInvocationAgent.invoke(TestInvoker.java:969)
	at org.testng.internal.invokers.TestInvoker.invokeTestMethods(TestInvoker.java:194)
	at org.testng.internal.invokers.TestMethodWorker.invokeTestMethods(TestMethodWorker.java:148)
	at org.testng.internal.invokers.TestMethodWorker.run(TestMethodWorker.java:128)
	at java.base/java.util.concurrent.ThreadPoolExecutor.runWorker(ThreadPoolExecutor.java:1136)
	at java.base/java.util.concurrent.ThreadPoolExecutor$Worker.run(ThreadPoolExecutor.java:635)
	at java.base/java.lang.Thread.run(Thread.java:833)
]]></failure>
    <system-out><![CDATA[[INFO ] 2024-03-29 14:29:25 WebDriverManager:1239 :resolveDriverVersion - message:Using chromedriver 123.0.6312.86 (resolved driver for Chrome 123)
[INFO ] 2024-03-29 14:29:25 WebDriverManager:1301 :exportDriver - message:Exporting webdriver.chrome.driver as C:\Users\Aguka\.cache\selenium\chromedriver\win64\123.0.6312.86\chromedriver.exe
[INFO ] 2024-03-29 14:29:28 HomePage:54 :getAllPageUrls - message:Get all urls from home page
Слова 'Lorem Ipsum' знайдено на сторінці: https://piddubnyi.devocean.pro/shop/sale/medik7-%d0%b0%d0%bd%d1%82%d0%b8%d0%b2%d1%96%d0%ba%d0%be%d0%b2%d0%b8%d0%b9-%d0%b7%d0%b2%d0%be%d0%bb%d0%be%d0%b6%d1%83%d0%b2%d0%b0%d0%bb%d1%8c%d0%bd%d0%b8%d0%b9-%d0%ba%d1%80%d0%b5%d0%bc-%d1%96%d0%b7-spf
Слова 'Lorem Ipsum' знайдено на сторінці: https://piddubnyi.devocean.pro/#popup-menu
Слова 'Lorem Ipsum' знайдено на сторінці: https://piddubnyi.devocean.pro
Слова 'Lorem Ipsum' знайдено на сторінці: https://piddubnyi.devocean.pro/#page-main
Слова 'Lorem Ipsum' знайдено на сторінці: https://piddubnyi.devocean.pro/#popup-mini-cart
Слова 'Lorem Ipsum' знайдено на сторінці: https://piddubnyi.devocean.pro/product-category/sale
Слова 'Lorem Ipsum' знайдено на сторінці: https://piddubnyi.devocean.pro/shop/sale/medik8-%d0%be%d0%bc%d0%be%d0%bb%d0%be%d0%b4%d0%b6%d1%83%d0%b2%d0%b0%d0%bb%d1%8c%d0%bd%d0%b8%d0%b9-%d0%b2%d1%96%d0%b4%d0%bd%d0%be%d0%b2%d0%bb%d1%8e%d0%b2%d0%b0%d0%bb%d1%8c%d0%bd%d0%b8%d0%b9-%d0%ba-3
Слова 'Lorem Ipsum' знайдено на сторінці: https://piddubnyi.devocean.pro/shop/sale/medik8-%d0%be%d0%bc%d0%be%d0%bb%d0%be%d0%b4%d0%b6%d1%83%d0%b2%d0%b0%d0%bb%d1%8c%d0%bd%d0%b8%d0%b9-%d0%b2%d1%96%d0%b4%d0%bd%d0%be%d0%b2%d0%bb%d1%8e%d0%b2%d0%b0%d0%bb%d1%8c%d0%bd%d0%b8%d0%b9-%d0%ba-4
Слова 'Lorem Ipsum' знайдено на сторінці: https://piddubnyi.devocean.pro/shop/sale/medik8-%d0%be%d0%bc%d0%be%d0%bb%d0%be%d0%b4%d0%b6%d1%83%d0%b2%d0%b0%d0%bb%d1%8c%d0%bd%d0%b8%d0%b9-%d0%b2%d1%96%d0%b4%d0%bd%d0%be%d0%b2%d0%bb%d1%8e%d0%b2%d0%b0%d0%bb%d1%8c%d0%bd%d0%b8%d0%b9-%d0%ba-2
Слова 'Lorem Ipsum' знайдено на сторінці: https://piddubnyi.devocean.pro/product-category/hair-category
Слова 'Lorem Ipsum' знайдено на сторінці: https://piddubnyi.devocean.pro/#
Слова 'Lorem Ipsum' знайдено на сторінці: https://piddubnyi.devocean.pro/product-category/hair-category/leave-in-hair-products
Слова 'Lorem Ipsum' знайдено на сторінці: https://piddubnyi.devocean.pro/shop/hair-category/conditioners/%d0%ba%d0%be%d0%bf%d1%96%d1%8fwhat-is-lorem-ipsum-2
Слова 'Lorem Ipsum' знайдено на сторінці: https://piddubnyi.devocean.pro/product-category/body-category/cleaning
Слова 'Lorem Ipsum' знайдено на сторінці: https://piddubnyi.devocean.pro/product-category/body-category/scrubs-and-peelings
Слова 'Lorem Ipsum' знайдено на сторінці: https://piddubnyi.devocean.pro/product-category/face-category/face-masks
Слова 'Lorem Ipsum' знайдено на сторінці: https://piddubnyi.devocean.pro/shop/hair-category/conditioners/what-is-lorem-ipsum
Слова 'Lorem Ipsum' знайдено на сторінці: https://piddubnyi.devocean.pro/product-category/hair-category/shampoos
Слова 'Lorem Ipsum' знайдено на сторінці: https://piddubnyi.devocean.pro/product-category/face-category/face-creams
Слова 'Lorem Ipsum' знайдено на сторінці: https://piddubnyi.devocean.pro/product-category/face-category/all-means
Слова 'Lorem Ipsum' знайдено на сторінці: https://piddubnyi.devocean.pro/product-category/face-category/sun-protection
Слова 'Lorem Ipsum' знайдено на сторінці: https://piddubnyi.devocean.pro/product-category/face-category/products-skin-around-eyes
Слова 'Lorem Ipsum' знайдено на сторінці: https://piddubnyi.devocean.pro/shop/sale/medik8-%d0%be%d0%bc%d0%be%d0%bb%d0%be%d0%b4%d0%b6%d1%83%d0%b2%d0%b0%d0%bb%d1%8c%d0%bd%d0%b8%d0%b9-%d0%b2%d1%96%d0%b4%d0%bd%d0%be%d0%b2%d0%bb%d1%8e%d0%b2%d0%b0%d0%bb%d1%8c%d0%bd%d0%b8%d0%b9-%d0%ba
Слова 'Lorem Ipsum' знайдено на сторінці: https://piddubnyi.devocean.pro/product-category/face-category
Слова 'Lorem Ipsum' знайдено на сторінці: https://piddubnyi.devocean.pro/product-category/face-category/means-for-toning-face
Слова 'Lorem Ipsum' знайдено на сторінці: https://piddubnyi.devocean.pro/product-category/hair-category/conditioners
Слова 'Lorem Ipsum' знайдено на сторінці: https://piddubnyi.devocean.pro/shop
]]></system-out>
    <system-err><![CDATA[Mar 29, 2024 2:29:25 PM org.openqa.selenium.remote.service.DriverService$Builder getLogOutput
INFO: Driver logs no longer sent to console by default; https://www.selenium.dev/documentation/webdriver/drivers/service/#setting-log-output
Mar 29, 2024 2:29:26 PM org.openqa.selenium.devtools.CdpVersionFinder findNearestMatch
WARNING: Unable to find CDP implementation matching 123
Mar 29, 2024 2:29:26 PM org.openqa.selenium.chromium.ChromiumDriver lambda$new$4
WARNING: Unable to find version of CDP to use for . You may need to include a dependency on a specific version of the CDP using something similar to `org.seleniumhq.selenium:selenium-devtools-v86:4.10.0` where the version ("v86") matches the version of the chromium-based browser you're using and the version number of the artifact is the same as Selenium's.
]]></system-err>
  </testcase>
  <testcase name="isPresentSearchPageTest" classname="FirstTest" time="3.18">
    <system-out><![CDATA[[INFO ] 2024-03-29 14:31:53 WebDriverManager:1239 :resolveDriverVersion - message:Using chromedriver 123.0.6312.86 (resolved driver for Chrome 123)
[INFO ] 2024-03-29 14:31:53 WebDriverManager:1301 :exportDriver - message:Exporting webdriver.chrome.driver as C:\Users\Aguka\.cache\selenium\chromedriver\win64\123.0.6312.86\chromedriver.exe
[INFO ] 2024-03-29 14:31:56 HomePage:109 :openSearchPage - message:Open search page
[INFO ] 2024-03-29 14:31:57 HomePage:115 :isPresentSearchPage - message:Input search is enabled
[INFO ] 2024-03-29 14:31:57 HomePage:109 :openSearchPage - message:Open search page
[INFO ] 2024-03-29 14:31:59 HomePage:115 :isPresentSearchPage - message:Input search is enabled
]]></system-out>
    <system-err><![CDATA[Mar 29, 2024 2:31:53 PM org.openqa.selenium.remote.service.DriverService$Builder getLogOutput
INFO: Driver logs no longer sent to console by default; https://www.selenium.dev/documentation/webdriver/drivers/service/#setting-log-output
Mar 29, 2024 2:31:54 PM org.openqa.selenium.devtools.CdpVersionFinder findNearestMatch
WARNING: Unable to find CDP implementation matching 123
Mar 29, 2024 2:31:54 PM org.openqa.selenium.chromium.ChromiumDriver lambda$new$4
WARNING: Unable to find version of CDP to use for . You may need to include a dependency on a specific version of the CDP using something similar to `org.seleniumhq.selenium:selenium-devtools-v86:4.10.0` where the version ("v86") matches the version of the chromium-based browser you're using and the version number of the artifact is the same as Selenium's.
]]></system-err>
  </testcase>
  <testcase name="isPresentValueAttributeAltImg" classname="FirstTest" time="1.035">
    <failure message="expected [true] but found [false]" type="java.lang.AssertionError"><![CDATA[java.lang.AssertionError: expected [true] but found [false]
	at org.testng.Assert.fail(Assert.java:110)
	at org.testng.Assert.failNotEquals(Assert.java:1577)
	at org.testng.Assert.assertTrue(Assert.java:56)
	at org.testng.Assert.assertTrue(Assert.java:66)
	at FirstTest.isPresentValueAttributeAltImg(FirstTest.java:52)
	at java.base/jdk.internal.reflect.NativeMethodAccessorImpl.invoke0(Native Method)
	at java.base/jdk.internal.reflect.NativeMethodAccessorImpl.invoke(NativeMethodAccessorImpl.java:77)
	at java.base/jdk.internal.reflect.DelegatingMethodAccessorImpl.invoke(DelegatingMethodAccessorImpl.java:43)
	at java.base/java.lang.reflect.Method.invoke(Method.java:568)
	at org.testng.internal.invokers.MethodInvocationHelper.invokeMethod(MethodInvocationHelper.java:139)
	at org.testng.internal.invokers.TestInvoker.invokeMethod(TestInvoker.java:677)
	at org.testng.internal.invokers.TestInvoker.invokeTestMethod(TestInvoker.java:221)
	at org.testng.internal.invokers.MethodRunner.runInSequence(MethodRunner.java:50)
	at org.testng.internal.invokers.TestInvoker$MethodInvocationAgent.invoke(TestInvoker.java:969)
	at org.testng.internal.invokers.TestInvoker.invokeTestMethods(TestInvoker.java:194)
	at org.testng.internal.invokers.TestMethodWorker.invokeTestMethods(TestMethodWorker.java:148)
	at org.testng.internal.invokers.TestMethodWorker.run(TestMethodWorker.java:128)
	at java.base/java.util.concurrent.ThreadPoolExecutor.runWorker(ThreadPoolExecutor.java:1136)
	at java.base/java.util.concurrent.ThreadPoolExecutor$Worker.run(ThreadPoolExecutor.java:635)
	at java.base/java.lang.Thread.run(Thread.java:833)
]]></failure>
    <system-out><![CDATA[[INFO ] 2024-03-29 14:31:59 WebDriverManager:1239 :resolveDriverVersion - message:Using chromedriver 123.0.6312.86 (resolved driver for Chrome 123)
[INFO ] 2024-03-29 14:31:59 WebDriverManager:1301 :exportDriver - message:Exporting webdriver.chrome.driver as C:\Users\Aguka\.cache\selenium\chromedriver\win64\123.0.6312.86\chromedriver.exe
[INFO ] 2024-03-29 14:32:02 HomePage:86 :isAltValue - message:Getting all value from element with attribute ALT
[, , , , , , Піддубний клініка, , , , , , , , , , , , , , , , , , , , , , , , , , , , , , , , , , , , , , , , , , , , , , , , , , (Копія)What is Lorem Ipsum? 2, What is Lorem Ipsum?, Medik8 Омолоджувальний відновлювальний крем для шкіри навколо очей, Medik7 Антивіковий зволожувальний крем із SPF 30 і 5-зірковим UVA-захистом, Medik8 Омолоджувальний відновлювальний крем для шкіри навколо очей, Medik8 Омолоджувальний відновлювальний крем для шкіри навколо очей, Medik8 Омолоджувальний відновлювальний крем для шкіри навколо очей, Medik8 Омолоджувальний відновлювальний крем для шкіри навколо очей, Medik7 Антивіковий зволожувальний крем із SPF 30 і 5-зірковим UVA-захистом, Medik8 Омолоджувальний відновлювальний крем для шкіри навколо очей, Medik8 Омолоджувальний відновлювальний крем для шкіри навколо очей, Medik8 Омолоджувальний відновлювальний крем для шкіри навколо очей, , , , , , , , , , , , , , , , , , , , , , , , , , , , , , , , , , , , , , , , , , , , , , , , , , , , , , , , , , , , , ]
[INFO ] 2024-03-29 14:32:03 HomePage:95 :isImagContainsAltValue - message:Verify all imag contain alt value 
]]></system-out>
    <system-err><![CDATA[Mar 29, 2024 2:31:59 PM org.openqa.selenium.remote.service.DriverService$Builder getLogOutput
INFO: Driver logs no longer sent to console by default; https://www.selenium.dev/documentation/webdriver/drivers/service/#setting-log-output
Mar 29, 2024 2:32:00 PM org.openqa.selenium.devtools.CdpVersionFinder findNearestMatch
WARNING: Unable to find CDP implementation matching 123
Mar 29, 2024 2:32:00 PM org.openqa.selenium.chromium.ChromiumDriver lambda$new$4
WARNING: Unable to find version of CDP to use for . You may need to include a dependency on a specific version of the CDP using something similar to `org.seleniumhq.selenium:selenium-devtools-v86:4.10.0` where the version ("v86") matches the version of the chromium-based browser you're using and the version number of the artifact is the same as Selenium's.
]]></system-err>
  </testcase>
</testsuite>